2023-04-26T03:44:24.094+05:30  INFO 32324 --- [restartedMain] c.cts.NewAccountManagementApplication    : Starting NewAccountManagementApplication using Java 17.0.5 with PID 32324 (D:\Influentia\new-account-management\target\classes started by arnod in D:\Influentia\new-account-management)
2023-04-26T03:44:24.099+05:30  INFO 32324 --- [restartedMain] c.cts.NewAccountManagementApplication    : No active profile set, falling back to 1 default profile: "default"
2023-04-26T03:44:24.141+05:30  INFO 32324 --- [restartedMain] .e.DevToolsPropertyDefaultsPostProcessor : Devtools property defaults active! Set 'spring.devtools.add-properties' to 'false' to disable
2023-04-26T03:44:24.141+05:30  INFO 32324 --- [restartedMain] .e.DevToolsPropertyDefaultsPostProcessor : For additional web related logging consider setting the 'logging.level.web' property to 'DEBUG'
2023-04-26T03:44:27.156+05:30  INFO 32324 --- [restartedMain] .s.d.r.c.RepositoryConfigurationDelegate : Bootstrapping Spring Data JPA repositories in DEFAULT mode.
2023-04-26T03:44:27.270+05:30  INFO 32324 --- [restartedMain] .s.d.r.c.RepositoryConfigurationDelegate : Finished Spring Data repository scanning in 85 ms. Found 2 JPA repository interfaces.
2023-04-26T03:44:30.287+05:30  INFO 32324 --- [restartedMain] o.s.b.w.embedded.tomcat.TomcatWebServer  : Tomcat initialized with port(s): 8080 (http)
2023-04-26T03:44:30.327+05:30  INFO 32324 --- [restartedMain] o.apache.catalina.core.StandardService   : Starting service [Tomcat]
2023-04-26T03:44:30.327+05:30  INFO 32324 --- [restartedMain] o.apache.catalina.core.StandardEngine    : Starting Servlet engine: [Apache Tomcat/10.1.7]
2023-04-26T03:44:30.609+05:30  INFO 32324 --- [restartedMain] o.a.c.c.C.[Tomcat].[localhost].[/]       : Initializing Spring embedded WebApplicationContext
2023-04-26T03:44:30.610+05:30  INFO 32324 --- [restartedMain] w.s.c.ServletWebServerApplicationContext : Root WebApplicationContext: initialization completed in 6467 ms
2023-04-26T03:44:30.677+05:30  INFO 32324 --- [restartedMain] com.zaxxer.hikari.HikariDataSource       : HikariPool-1 - Starting...
2023-04-26T03:44:31.282+05:30  INFO 32324 --- [restartedMain] com.zaxxer.hikari.pool.HikariPool        : HikariPool-1 - Added connection conn0: url=jdbc:h2:mem:influentia user=SA
2023-04-26T03:44:31.284+05:30  INFO 32324 --- [restartedMain] com.zaxxer.hikari.HikariDataSource       : HikariPool-1 - Start completed.
2023-04-26T03:44:31.294+05:30  INFO 32324 --- [restartedMain] o.s.b.a.h2.H2ConsoleAutoConfiguration    : H2 console available at '/h2-console'. Database available at 'jdbc:h2:mem:influentia'
2023-04-26T03:44:31.919+05:30  INFO 32324 --- [restartedMain] o.hibernate.jpa.internal.util.LogHelper  : HHH000204: Processing PersistenceUnitInfo [name: default]
2023-04-26T03:44:32.399+05:30  INFO 32324 --- [restartedMain] org.hibernate.Version                    : HHH000412: Hibernate ORM core version 6.1.7.Final
2023-04-26T03:44:34.637+05:30  INFO 32324 --- [restartedMain] SQL dialect                              : HHH000400: Using dialect: org.hibernate.dialect.H2Dialect
2023-04-26T03:44:38.730+05:30 DEBUG 32324 --- [restartedMain] org.hibernate.SQL                        : create table AccountType (id bigint generated by default as identity, accountType varchar(255), User_Id bigint, primary key (id))
2023-04-26T03:44:38.738+05:30 DEBUG 32324 --- [restartedMain] org.hibernate.SQL                        : create table UserAccount (id bigint generated by default as identity, password varchar(255), subscription_name varchar(255), username varchar(255), primary key (id))
2023-04-26T03:44:38.740+05:30 DEBUG 32324 --- [restartedMain] org.hibernate.SQL                        : alter table if exists AccountType add constraint FKludgbm9c839inwtoexem9picy foreign key (User_Id) references UserAccount
2023-04-26T03:44:38.746+05:30  INFO 32324 --- [restartedMain] o.h.e.t.j.p.i.JtaPlatformInitiator       : HHH000490: Using JtaPlatform implementation: [org.hibernate.engine.transaction.jta.platform.internal.NoJtaPlatform]
2023-04-26T03:44:38.840+05:30  INFO 32324 --- [restartedMain] j.LocalContainerEntityManagerFactoryBean : Initialized JPA EntityManagerFactory for persistence unit 'default'
2023-04-26T03:44:47.727+05:30  WARN 32324 --- [restartedMain] JpaBaseConfiguration$JpaWebConfiguration : spring.jpa.open-in-view is enabled by default. Therefore, database queries may be performed during view rendering. Explicitly configure spring.jpa.open-in-view to disable this warning
2023-04-26T03:44:54.834+05:30  WARN 32324 --- [restartedMain] .s.s.UserDetailsServiceAutoConfiguration : 

Using generated security password: cf4781c6-880e-4b27-9b58-78e51056c8af

This generated password is for development use only. Your security configuration must be updated before running your application in production.

2023-04-26T03:44:56.604+05:30  INFO 32324 --- [restartedMain] o.s.s.web.DefaultSecurityFilterChain     : Will secure any request with [org.springframework.security.web.session.DisableEncodeUrlFilter@1b9c1671, org.springframework.security.web.context.request.async.WebAsyncManagerIntegrationFilter@34252455, org.springframework.security.web.context.SecurityContextHolderFilter@181ba173, org.springframework.security.web.header.HeaderWriterFilter@17d290f4, org.springframework.security.web.csrf.CsrfFilter@1c302a50, org.springframework.security.web.authentication.logout.LogoutFilter@63a41277, org.springframework.security.web.authentication.UsernamePasswordAuthenticationFilter@49decfca, org.springframework.security.web.authentication.ui.DefaultLoginPageGeneratingFilter@79fd45bc, org.springframework.security.web.authentication.ui.DefaultLogoutPageGeneratingFilter@3a596017, org.springframework.security.web.authentication.www.BasicAuthenticationFilter@422da770, org.springframework.security.web.savedrequest.RequestCacheAwareFilter@586eae69, org.springframework.security.web.servletapi.SecurityContextHolderAwareRequestFilter@4ed2dcc2, org.springframework.security.web.authentication.AnonymousAuthenticationFilter@4899287e, org.springframework.security.web.access.ExceptionTranslationFilter@3725acb5, org.springframework.security.web.access.intercept.AuthorizationFilter@27ecad59]
2023-04-26T03:44:56.822+05:30  INFO 32324 --- [restartedMain] o.s.b.d.a.OptionalLiveReloadServer       : LiveReload server is running on port 35729
2023-04-26T03:44:57.426+05:30  INFO 32324 --- [restartedMain] o.s.b.w.embedded.tomcat.TomcatWebServer  : Tomcat started on port(s): 8080 (http) with context path ''
2023-04-26T03:44:57.481+05:30  INFO 32324 --- [restartedMain] c.cts.NewAccountManagementApplication    : Started NewAccountManagementApplication in 33.739 seconds (process running for 35.142)
2023-04-26T03:45:19.335+05:30  INFO 32324 --- [http-nio-8080-exec-1] o.a.c.c.C.[Tomcat].[localhost].[/]       : Initializing Spring DispatcherServlet 'dispatcherServlet'
2023-04-26T03:45:19.336+05:30  INFO 32324 --- [http-nio-8080-exec-1] o.s.web.servlet.DispatcherServlet        : Initializing Servlet 'dispatcherServlet'
2023-04-26T03:45:19.337+05:30  INFO 32324 --- [http-nio-8080-exec-1] o.s.web.servlet.DispatcherServlet        : Completed initialization in 1 ms
2023-04-26T03:51:56.655+05:30  INFO 32324 --- [File Watcher] rtingClassPathChangeChangedEventListener : Restarting due to 16 class path changes (0 additions, 16 deletions, 0 modifications)
2023-04-26T03:51:56.791+05:30  INFO 32324 --- [Thread-6] o.apache.catalina.core.StandardService   : Stopping service [Tomcat]
2023-04-26T03:51:56.964+05:30  INFO 32324 --- [Thread-6] o.a.c.c.C.[Tomcat].[localhost].[/]       : Destroying Spring FrameworkServlet 'dispatcherServlet'
2023-04-26T03:51:57.230+05:30  INFO 32324 --- [Thread-6] j.LocalContainerEntityManagerFactoryBean : Closing JPA EntityManagerFactory for persistence unit 'default'
2023-04-26T03:51:57.441+05:30  WARN 32324 --- [Thread-6] o.s.b.f.support.DisposableBeanAdapter    : Invocation of destroy method failed on bean with name 'inMemoryDatabaseShutdownExecutor': org.h2.jdbc.JdbcSQLNonTransientConnectionException: Database is already closed (to disable automatic closing at VM shutdown, add ";DB_CLOSE_ON_EXIT=FALSE" to the db URL) [90121-214]
2023-04-26T03:51:57.442+05:30  INFO 32324 --- [Thread-6] com.zaxxer.hikari.HikariDataSource       : HikariPool-1 - Shutdown initiated...
2023-04-26T03:51:57.444+05:30  INFO 32324 --- [Thread-6] com.zaxxer.hikari.HikariDataSource       : HikariPool-1 - Shutdown completed.
2023-04-26T03:52:02.569+05:30  INFO 32324 --- [restartedMain] c.cts.NewAccountManagementApplication    : Starting NewAccountManagementApplication using Java 17.0.5 with PID 32324 (D:\Influentia\new-account-management\target\classes started by arnod in D:\Influentia\new-account-management)
2023-04-26T03:52:02.570+05:30  INFO 32324 --- [restartedMain] c.cts.NewAccountManagementApplication    : No active profile set, falling back to 1 default profile: "default"
2023-04-26T03:52:02.699+05:30  INFO 32324 --- [restartedMain] .s.d.r.c.RepositoryConfigurationDelegate : Bootstrapping Spring Data JPA repositories in DEFAULT mode.
2023-04-26T03:52:02.706+05:30  INFO 32324 --- [restartedMain] .s.d.r.c.RepositoryConfigurationDelegate : Finished Spring Data repository scanning in 6 ms. Found 2 JPA repository interfaces.
2023-04-26T03:52:02.982+05:30  INFO 32324 --- [restartedMain] o.s.b.w.embedded.tomcat.TomcatWebServer  : Tomcat initialized with port(s): 8080 (http)
2023-04-26T03:52:02.983+05:30  INFO 32324 --- [restartedMain] o.apache.catalina.core.StandardService   : Starting service [Tomcat]
2023-04-26T03:52:02.983+05:30  INFO 32324 --- [restartedMain] o.apache.catalina.core.StandardEngine    : Starting Servlet engine: [Apache Tomcat/10.1.7]
2023-04-26T03:52:03.145+05:30  INFO 32324 --- [restartedMain] o.a.c.c.C.[Tomcat].[localhost].[/]       : Initializing Spring embedded WebApplicationContext
2023-04-26T03:52:03.146+05:30  INFO 32324 --- [restartedMain] w.s.c.ServletWebServerApplicationContext : Root WebApplicationContext: initialization completed in 575 ms
2023-04-26T03:52:03.161+05:30  INFO 32324 --- [restartedMain] com.zaxxer.hikari.HikariDataSource       : HikariPool-3 - Starting...
2023-04-26T03:52:03.164+05:30  INFO 32324 --- [restartedMain] com.zaxxer.hikari.pool.HikariPool        : HikariPool-3 - Added connection conn20: url=jdbc:h2:mem:influentia user=SA
2023-04-26T03:52:03.164+05:30  INFO 32324 --- [restartedMain] com.zaxxer.hikari.HikariDataSource       : HikariPool-3 - Start completed.
2023-04-26T03:52:03.164+05:30  INFO 32324 --- [restartedMain] o.s.b.a.h2.H2ConsoleAutoConfiguration    : H2 console available at '/h2-console'. Database available at 'jdbc:h2:mem:influentia'
2023-04-26T03:52:03.187+05:30  INFO 32324 --- [restartedMain] o.hibernate.jpa.internal.util.LogHelper  : HHH000204: Processing PersistenceUnitInfo [name: default]
2023-04-26T03:52:03.192+05:30  INFO 32324 --- [restartedMain] SQL dialect                              : HHH000400: Using dialect: org.hibernate.dialect.H2Dialect
2023-04-26T03:52:03.220+05:30 DEBUG 32324 --- [restartedMain] org.hibernate.SQL                        : create table AccountType (id bigint generated by default as identity, accountType varchar(255), User_Id bigint, primary key (id))
2023-04-26T03:52:03.221+05:30 DEBUG 32324 --- [restartedMain] org.hibernate.SQL                        : create table UserAccount (id bigint generated by default as identity, password varchar(255), subscription_name varchar(255), username varchar(255), primary key (id))
2023-04-26T03:52:03.222+05:30 DEBUG 32324 --- [restartedMain] org.hibernate.SQL                        : alter table if exists AccountType add constraint FKludgbm9c839inwtoexem9picy foreign key (User_Id) references UserAccount
2023-04-26T03:52:03.224+05:30  INFO 32324 --- [restartedMain] o.h.e.t.j.p.i.JtaPlatformInitiator       : HHH000490: Using JtaPlatform implementation: [org.hibernate.engine.transaction.jta.platform.internal.NoJtaPlatform]
2023-04-26T03:52:03.224+05:30  INFO 32324 --- [restartedMain] j.LocalContainerEntityManagerFactoryBean : Initialized JPA EntityManagerFactory for persistence unit 'default'
2023-04-26T03:52:03.293+05:30  WARN 32324 --- [restartedMain] JpaBaseConfiguration$JpaWebConfiguration : spring.jpa.open-in-view is enabled by default. Therefore, database queries may be performed during view rendering. Explicitly configure spring.jpa.open-in-view to disable this warning
2023-04-26T03:52:03.358+05:30  WARN 32324 --- [restartedMain] .s.s.UserDetailsServiceAutoConfiguration : 

Using generated security password: e01750ff-6883-43b4-b680-cb4b8bf6b758

This generated password is for development use only. Your security configuration must be updated before running your application in production.

2023-04-26T03:52:03.368+05:30  INFO 32324 --- [restartedMain] o.s.s.web.DefaultSecurityFilterChain     : Will secure any request with [org.springframework.security.web.session.DisableEncodeUrlFilter@3829d05b, org.springframework.security.web.context.request.async.WebAsyncManagerIntegrationFilter@22333a6d, org.springframework.security.web.context.SecurityContextHolderFilter@376b0acd, org.springframework.security.web.header.HeaderWriterFilter@755da7dc, org.springframework.security.web.csrf.CsrfFilter@672cde91, org.springframework.security.web.authentication.logout.LogoutFilter@f2e642f, org.springframework.security.web.authentication.UsernamePasswordAuthenticationFilter@2c570d82, org.springframework.security.web.authentication.ui.DefaultLoginPageGeneratingFilter@42fba937, org.springframework.security.web.authentication.ui.DefaultLogoutPageGeneratingFilter@361c08b4, org.springframework.security.web.authentication.www.BasicAuthenticationFilter@50240b3b, org.springframework.security.web.savedrequest.RequestCacheAwareFilter@36b292e7, org.springframework.security.web.servletapi.SecurityContextHolderAwareRequestFilter@5a8096fc, org.springframework.security.web.authentication.AnonymousAuthenticationFilter@4691b09f, org.springframework.security.web.access.ExceptionTranslationFilter@3e7a4481, org.springframework.security.web.access.intercept.AuthorizationFilter@4e6a9d5e]
2023-04-26T03:52:03.374+05:30  INFO 32324 --- [restartedMain] o.s.b.d.a.OptionalLiveReloadServer       : LiveReload server is running on port 35729
2023-04-26T03:52:03.383+05:30  INFO 32324 --- [restartedMain] o.s.b.w.embedded.tomcat.TomcatWebServer  : Tomcat started on port(s): 8080 (http) with context path ''
2023-04-26T03:52:03.387+05:30  INFO 32324 --- [restartedMain] c.cts.NewAccountManagementApplication    : Started NewAccountManagementApplication in 0.839 seconds (process running for 461.049)
2023-04-26T03:52:03.388+05:30  INFO 32324 --- [restartedMain] .ConditionEvaluationDeltaLoggingListener : Condition evaluation unchanged
2023-04-26T03:55:58.144+05:30  INFO 32324 --- [File Watcher] rtingClassPathChangeChangedEventListener : Restarting due to 1 class path change (0 additions, 0 deletions, 1 modification)
2023-04-26T03:55:58.156+05:30  INFO 32324 --- [Thread-12] o.apache.catalina.core.StandardService   : Stopping service [Tomcat]
2023-04-26T03:55:58.160+05:30  INFO 32324 --- [Thread-12] j.LocalContainerEntityManagerFactoryBean : Closing JPA EntityManagerFactory for persistence unit 'default'
2023-04-26T03:55:58.374+05:30  WARN 32324 --- [Thread-12] o.s.b.f.support.DisposableBeanAdapter    : Invocation of destroy method failed on bean with name 'inMemoryDatabaseShutdownExecutor': org.h2.jdbc.JdbcSQLNonTransientConnectionException: Database is already closed (to disable automatic closing at VM shutdown, add ";DB_CLOSE_ON_EXIT=FALSE" to the db URL) [90121-214]
2023-04-26T03:55:58.374+05:30  INFO 32324 --- [Thread-12] com.zaxxer.hikari.HikariDataSource       : HikariPool-3 - Shutdown initiated...
2023-04-26T03:55:58.375+05:30  INFO 32324 --- [Thread-12] com.zaxxer.hikari.HikariDataSource       : HikariPool-3 - Shutdown completed.
2023-04-26T03:55:58.431+05:30  INFO 32324 --- [restartedMain] c.cts.NewAccountManagementApplication    : Starting NewAccountManagementApplication using Java 17.0.5 with PID 32324 (D:\Influentia\new-account-management\target\classes started by arnod in D:\Influentia\new-account-management)
2023-04-26T03:55:58.431+05:30  INFO 32324 --- [restartedMain] c.cts.NewAccountManagementApplication    : No active profile set, falling back to 1 default profile: "default"
2023-04-26T03:55:58.552+05:30  INFO 32324 --- [restartedMain] .s.d.r.c.RepositoryConfigurationDelegate : Bootstrapping Spring Data JPA repositories in DEFAULT mode.
2023-04-26T03:55:58.560+05:30  INFO 32324 --- [restartedMain] .s.d.r.c.RepositoryConfigurationDelegate : Finished Spring Data repository scanning in 7 ms. Found 2 JPA repository interfaces.
2023-04-26T03:55:58.644+05:30  INFO 32324 --- [restartedMain] o.s.b.w.embedded.tomcat.TomcatWebServer  : Tomcat initialized with port(s): 8080 (http)
2023-04-26T03:55:58.644+05:30  INFO 32324 --- [restartedMain] o.apache.catalina.core.StandardService   : Starting service [Tomcat]
2023-04-26T03:55:58.644+05:30  INFO 32324 --- [restartedMain] o.apache.catalina.core.StandardEngine    : Starting Servlet engine: [Apache Tomcat/10.1.7]
2023-04-26T03:55:58.691+05:30  INFO 32324 --- [restartedMain] o.a.c.c.C.[Tomcat].[localhost].[/]       : Initializing Spring embedded WebApplicationContext
2023-04-26T03:55:58.691+05:30  INFO 32324 --- [restartedMain] w.s.c.ServletWebServerApplicationContext : Root WebApplicationContext: initialization completed in 258 ms
2023-04-26T03:55:58.701+05:30  INFO 32324 --- [restartedMain] com.zaxxer.hikari.HikariDataSource       : HikariPool-4 - Starting...
2023-04-26T03:55:58.702+05:30  INFO 32324 --- [restartedMain] com.zaxxer.hikari.pool.HikariPool        : HikariPool-4 - Added connection conn30: url=jdbc:h2:mem:influentia user=SA
2023-04-26T03:55:58.702+05:30  INFO 32324 --- [restartedMain] com.zaxxer.hikari.HikariDataSource       : HikariPool-4 - Start completed.
2023-04-26T03:55:58.703+05:30  INFO 32324 --- [restartedMain] o.s.b.a.h2.H2ConsoleAutoConfiguration    : H2 console available at '/h2-console'. Database available at 'jdbc:h2:mem:influentia'
2023-04-26T03:55:58.726+05:30  INFO 32324 --- [restartedMain] o.hibernate.jpa.internal.util.LogHelper  : HHH000204: Processing PersistenceUnitInfo [name: default]
2023-04-26T03:55:58.731+05:30  INFO 32324 --- [restartedMain] SQL dialect                              : HHH000400: Using dialect: org.hibernate.dialect.H2Dialect
2023-04-26T03:55:58.760+05:30 DEBUG 32324 --- [restartedMain] org.hibernate.SQL                        : create table AccountType (id bigint generated by default as identity, accountType varchar(255), User_Id bigint, primary key (id))
2023-04-26T03:55:58.761+05:30 DEBUG 32324 --- [restartedMain] org.hibernate.SQL                        : create table UserAccount (id bigint generated by default as identity, password varchar(255), subscription_name varchar(255), username varchar(255), primary key (id))
2023-04-26T03:55:58.763+05:30 DEBUG 32324 --- [restartedMain] org.hibernate.SQL                        : alter table if exists AccountType add constraint FKludgbm9c839inwtoexem9picy foreign key (User_Id) references UserAccount
2023-04-26T03:55:58.764+05:30  INFO 32324 --- [restartedMain] o.h.e.t.j.p.i.JtaPlatformInitiator       : HHH000490: Using JtaPlatform implementation: [org.hibernate.engine.transaction.jta.platform.internal.NoJtaPlatform]
2023-04-26T03:55:58.764+05:30  INFO 32324 --- [restartedMain] j.LocalContainerEntityManagerFactoryBean : Initialized JPA EntityManagerFactory for persistence unit 'default'
2023-04-26T03:55:58.831+05:30  WARN 32324 --- [restartedMain] JpaBaseConfiguration$JpaWebConfiguration : spring.jpa.open-in-view is enabled by default. Therefore, database queries may be performed during view rendering. Explicitly configure spring.jpa.open-in-view to disable this warning
2023-04-26T03:55:58.901+05:30  WARN 32324 --- [restartedMain] .s.s.UserDetailsServiceAutoConfiguration : 

Using generated security password: 47638457-e8cd-433c-ab23-4b2b3dcab608

This generated password is for development use only. Your security configuration must be updated before running your application in production.

2023-04-26T03:55:58.914+05:30  INFO 32324 --- [restartedMain] o.s.s.web.DefaultSecurityFilterChain     : Will secure any request with [org.springframework.security.web.session.DisableEncodeUrlFilter@19bbc26f, org.springframework.security.web.context.request.async.WebAsyncManagerIntegrationFilter@433ed5f4, org.springframework.security.web.context.SecurityContextHolderFilter@6abc2eb2, org.springframework.security.web.header.HeaderWriterFilter@6ab2c3a5, org.springframework.security.web.csrf.CsrfFilter@59d07c5f, org.springframework.security.web.authentication.logout.LogoutFilter@3f0b8956, org.springframework.security.web.authentication.UsernamePasswordAuthenticationFilter@663e2532, org.springframework.security.web.authentication.ui.DefaultLoginPageGeneratingFilter@2020f769, org.springframework.security.web.authentication.ui.DefaultLogoutPageGeneratingFilter@543e6f14, org.springframework.security.web.authentication.www.BasicAuthenticationFilter@59c419a, org.springframework.security.web.savedrequest.RequestCacheAwareFilter@3054853e, org.springframework.security.web.servletapi.SecurityContextHolderAwareRequestFilter@5c73a8a9, org.springframework.security.web.authentication.AnonymousAuthenticationFilter@33497498, org.springframework.security.web.access.ExceptionTranslationFilter@2c88087d, org.springframework.security.web.access.intercept.AuthorizationFilter@59c073e7]
2023-04-26T03:55:58.924+05:30  INFO 32324 --- [restartedMain] o.s.b.d.a.OptionalLiveReloadServer       : LiveReload server is running on port 35729
2023-04-26T03:55:58.933+05:30  INFO 32324 --- [restartedMain] o.s.b.w.embedded.tomcat.TomcatWebServer  : Tomcat started on port(s): 8080 (http) with context path ''
2023-04-26T03:55:58.937+05:30  INFO 32324 --- [restartedMain] c.cts.NewAccountManagementApplication    : Started NewAccountManagementApplication in 0.53 seconds (process running for 696.599)
2023-04-26T03:55:58.938+05:30  INFO 32324 --- [restartedMain] .ConditionEvaluationDeltaLoggingListener : Condition evaluation unchanged
2023-04-26T03:56:00.335+05:30  INFO 32324 --- [File Watcher] rtingClassPathChangeChangedEventListener : Restarting due to 1 class path change (0 additions, 0 deletions, 1 modification)
2023-04-26T03:56:00.347+05:30  INFO 32324 --- [Thread-16] o.apache.catalina.core.StandardService   : Stopping service [Tomcat]
2023-04-26T03:56:00.350+05:30  INFO 32324 --- [Thread-16] j.LocalContainerEntityManagerFactoryBean : Closing JPA EntityManagerFactory for persistence unit 'default'
2023-04-26T03:56:00.553+05:30  WARN 32324 --- [Thread-16] o.s.b.f.support.DisposableBeanAdapter    : Invocation of destroy method failed on bean with name 'inMemoryDatabaseShutdownExecutor': org.h2.jdbc.JdbcSQLNonTransientConnectionException: Database is already closed (to disable automatic closing at VM shutdown, add ";DB_CLOSE_ON_EXIT=FALSE" to the db URL) [90121-214]
2023-04-26T03:56:00.553+05:30  INFO 32324 --- [Thread-16] com.zaxxer.hikari.HikariDataSource       : HikariPool-4 - Shutdown initiated...
2023-04-26T03:56:00.554+05:30  INFO 32324 --- [Thread-16] com.zaxxer.hikari.HikariDataSource       : HikariPool-4 - Shutdown completed.
2023-04-26T03:56:00.606+05:30  INFO 32324 --- [restartedMain] c.cts.NewAccountManagementApplication    : Starting NewAccountManagementApplication using Java 17.0.5 with PID 32324 (D:\Influentia\new-account-management\target\classes started by arnod in D:\Influentia\new-account-management)
2023-04-26T03:56:00.606+05:30  INFO 32324 --- [restartedMain] c.cts.NewAccountManagementApplication    : No active profile set, falling back to 1 default profile: "default"
2023-04-26T03:56:00.719+05:30  INFO 32324 --- [restartedMain] .s.d.r.c.RepositoryConfigurationDelegate : Bootstrapping Spring Data JPA repositories in DEFAULT mode.
2023-04-26T03:56:00.725+05:30  INFO 32324 --- [restartedMain] .s.d.r.c.RepositoryConfigurationDelegate : Finished Spring Data repository scanning in 6 ms. Found 2 JPA repository interfaces.
2023-04-26T03:56:00.792+05:30  INFO 32324 --- [restartedMain] o.s.b.w.embedded.tomcat.TomcatWebServer  : Tomcat initialized with port(s): 8080 (http)
2023-04-26T03:56:00.792+05:30  INFO 32324 --- [restartedMain] o.apache.catalina.core.StandardService   : Starting service [Tomcat]
2023-04-26T03:56:00.792+05:30  INFO 32324 --- [restartedMain] o.apache.catalina.core.StandardEngine    : Starting Servlet engine: [Apache Tomcat/10.1.7]
2023-04-26T03:56:00.813+05:30  INFO 32324 --- [restartedMain] o.a.c.c.C.[Tomcat].[localhost].[/]       : Initializing Spring embedded WebApplicationContext
2023-04-26T03:56:00.814+05:30  INFO 32324 --- [restartedMain] w.s.c.ServletWebServerApplicationContext : Root WebApplicationContext: initialization completed in 206 ms
2023-04-26T03:56:00.824+05:30  INFO 32324 --- [restartedMain] com.zaxxer.hikari.HikariDataSource       : HikariPool-5 - Starting...
2023-04-26T03:56:00.826+05:30  INFO 32324 --- [restartedMain] com.zaxxer.hikari.pool.HikariPool        : HikariPool-5 - Added connection conn40: url=jdbc:h2:mem:influentia user=SA
2023-04-26T03:56:00.826+05:30  INFO 32324 --- [restartedMain] com.zaxxer.hikari.HikariDataSource       : HikariPool-5 - Start completed.
2023-04-26T03:56:00.826+05:30  INFO 32324 --- [restartedMain] o.s.b.a.h2.H2ConsoleAutoConfiguration    : H2 console available at '/h2-console'. Database available at 'jdbc:h2:mem:influentia'
2023-04-26T03:56:00.849+05:30  INFO 32324 --- [restartedMain] o.hibernate.jpa.internal.util.LogHelper  : HHH000204: Processing PersistenceUnitInfo [name: default]
2023-04-26T03:56:00.855+05:30  INFO 32324 --- [restartedMain] SQL dialect                              : HHH000400: Using dialect: org.hibernate.dialect.H2Dialect
2023-04-26T03:56:00.882+05:30 DEBUG 32324 --- [restartedMain] org.hibernate.SQL                        : create table AccountType (id bigint generated by default as identity, accountType varchar(255), User_Id bigint, primary key (id))
2023-04-26T03:56:00.883+05:30 DEBUG 32324 --- [restartedMain] org.hibernate.SQL                        : create table UserAccount (id bigint generated by default as identity, password varchar(255), subscription_name varchar(255), username varchar(255), primary key (id))
2023-04-26T03:56:00.884+05:30 DEBUG 32324 --- [restartedMain] org.hibernate.SQL                        : alter table if exists AccountType add constraint FKludgbm9c839inwtoexem9picy foreign key (User_Id) references UserAccount
2023-04-26T03:56:00.886+05:30  INFO 32324 --- [restartedMain] o.h.e.t.j.p.i.JtaPlatformInitiator       : HHH000490: Using JtaPlatform implementation: [org.hibernate.engine.transaction.jta.platform.internal.NoJtaPlatform]
2023-04-26T03:56:00.886+05:30  INFO 32324 --- [restartedMain] j.LocalContainerEntityManagerFactoryBean : Initialized JPA EntityManagerFactory for persistence unit 'default'
2023-04-26T03:56:00.946+05:30  WARN 32324 --- [restartedMain] JpaBaseConfiguration$JpaWebConfiguration : spring.jpa.open-in-view is enabled by default. Therefore, database queries may be performed during view rendering. Explicitly configure spring.jpa.open-in-view to disable this warning
2023-04-26T03:56:01.014+05:30  WARN 32324 --- [restartedMain] .s.s.UserDetailsServiceAutoConfiguration : 

Using generated security password: 300da042-d4e8-472a-a34d-87588e0c4c2c

This generated password is for development use only. Your security configuration must be updated before running your application in production.

2023-04-26T03:56:01.024+05:30  INFO 32324 --- [restartedMain] o.s.s.web.DefaultSecurityFilterChain     : Will secure any request with [org.springframework.security.web.session.DisableEncodeUrlFilter@6dedda6c, org.springframework.security.web.context.request.async.WebAsyncManagerIntegrationFilter@53a20985, org.springframework.security.web.context.SecurityContextHolderFilter@2a69fd05, org.springframework.security.web.header.HeaderWriterFilter@6bdb7dfb, org.springframework.security.web.csrf.CsrfFilter@72acaff1, org.springframework.security.web.authentication.logout.LogoutFilter@598d2062, org.springframework.security.web.authentication.UsernamePasswordAuthenticationFilter@497fdf44, org.springframework.security.web.authentication.ui.DefaultLoginPageGeneratingFilter@69754d6c, org.springframework.security.web.authentication.ui.DefaultLogoutPageGeneratingFilter@6410794a, org.springframework.security.web.authentication.www.BasicAuthenticationFilter@79c17839, org.springframework.security.web.savedrequest.RequestCacheAwareFilter@3d2d1c9e, org.springframework.security.web.servletapi.SecurityContextHolderAwareRequestFilter@5971c71c, org.springframework.security.web.authentication.AnonymousAuthenticationFilter@16e2c541, org.springframework.security.web.access.ExceptionTranslationFilter@375a7c43, org.springframework.security.web.access.intercept.AuthorizationFilter@4dce77fb]
2023-04-26T03:56:01.030+05:30  INFO 32324 --- [restartedMain] o.s.b.d.a.OptionalLiveReloadServer       : LiveReload server is running on port 35729
2023-04-26T03:56:01.039+05:30  INFO 32324 --- [restartedMain] o.s.b.w.embedded.tomcat.TomcatWebServer  : Tomcat started on port(s): 8080 (http) with context path ''
2023-04-26T03:56:01.043+05:30  INFO 32324 --- [restartedMain] c.cts.NewAccountManagementApplication    : Started NewAccountManagementApplication in 0.455 seconds (process running for 698.704)
2023-04-26T03:56:01.044+05:30  INFO 32324 --- [restartedMain] .ConditionEvaluationDeltaLoggingListener : Condition evaluation unchanged
2023-04-26T03:56:17.602+05:30  INFO 32324 --- [File Watcher] rtingClassPathChangeChangedEventListener : Restarting due to 18 class path changes (0 additions, 7 deletions, 11 modifications)
2023-04-26T03:56:17.616+05:30  INFO 32324 --- [Thread-20] o.apache.catalina.core.StandardService   : Stopping service [Tomcat]
2023-04-26T03:56:17.621+05:30  INFO 32324 --- [Thread-20] j.LocalContainerEntityManagerFactoryBean : Closing JPA EntityManagerFactory for persistence unit 'default'
2023-04-26T03:56:17.836+05:30  WARN 32324 --- [Thread-20] o.s.b.f.support.DisposableBeanAdapter    : Invocation of destroy method failed on bean with name 'inMemoryDatabaseShutdownExecutor': org.h2.jdbc.JdbcSQLNonTransientConnectionException: Database is already closed (to disable automatic closing at VM shutdown, add ";DB_CLOSE_ON_EXIT=FALSE" to the db URL) [90121-214]
2023-04-26T03:56:17.836+05:30  INFO 32324 --- [Thread-20] com.zaxxer.hikari.HikariDataSource       : HikariPool-5 - Shutdown initiated...
2023-04-26T03:56:17.837+05:30  INFO 32324 --- [Thread-20] com.zaxxer.hikari.HikariDataSource       : HikariPool-5 - Shutdown completed.
2023-04-26T03:56:20.328+05:30  INFO 32324 --- [restartedMain] c.cts.NewAccountManagementApplication    : Starting NewAccountManagementApplication using Java 17.0.5 with PID 32324 (D:\Influentia\new-account-management\target\classes started by arnod in D:\Influentia\new-account-management)
2023-04-26T03:56:20.328+05:30  INFO 32324 --- [restartedMain] c.cts.NewAccountManagementApplication    : No active profile set, falling back to 1 default profile: "default"
2023-04-26T03:56:20.441+05:30  INFO 32324 --- [restartedMain] .s.d.r.c.RepositoryConfigurationDelegate : Bootstrapping Spring Data JPA repositories in DEFAULT mode.
2023-04-26T03:56:20.448+05:30  INFO 32324 --- [restartedMain] .s.d.r.c.RepositoryConfigurationDelegate : Finished Spring Data repository scanning in 6 ms. Found 2 JPA repository interfaces.
2023-04-26T03:56:20.553+05:30  INFO 32324 --- [restartedMain] o.s.b.w.embedded.tomcat.TomcatWebServer  : Tomcat initialized with port(s): 8080 (http)
2023-04-26T03:56:20.554+05:30  INFO 32324 --- [restartedMain] o.apache.catalina.core.StandardService   : Starting service [Tomcat]
2023-04-26T03:56:20.554+05:30  INFO 32324 --- [restartedMain] o.apache.catalina.core.StandardEngine    : Starting Servlet engine: [Apache Tomcat/10.1.7]
2023-04-26T03:56:20.569+05:30  INFO 32324 --- [restartedMain] o.a.c.c.C.[Tomcat].[localhost].[/]       : Initializing Spring embedded WebApplicationContext
2023-04-26T03:56:20.569+05:30  INFO 32324 --- [restartedMain] w.s.c.ServletWebServerApplicationContext : Root WebApplicationContext: initialization completed in 239 ms
2023-04-26T03:56:20.581+05:30  INFO 32324 --- [restartedMain] com.zaxxer.hikari.HikariDataSource       : HikariPool-7 - Starting...
2023-04-26T03:56:20.582+05:30  INFO 32324 --- [restartedMain] com.zaxxer.hikari.pool.HikariPool        : HikariPool-7 - Added connection conn60: url=jdbc:h2:mem:influentia user=SA
2023-04-26T03:56:20.582+05:30  INFO 32324 --- [restartedMain] com.zaxxer.hikari.HikariDataSource       : HikariPool-7 - Start completed.
2023-04-26T03:56:20.583+05:30  INFO 32324 --- [restartedMain] o.s.b.a.h2.H2ConsoleAutoConfiguration    : H2 console available at '/h2-console'. Database available at 'jdbc:h2:mem:influentia'
2023-04-26T03:56:20.604+05:30  INFO 32324 --- [restartedMain] o.hibernate.jpa.internal.util.LogHelper  : HHH000204: Processing PersistenceUnitInfo [name: default]
2023-04-26T03:56:20.609+05:30  INFO 32324 --- [restartedMain] SQL dialect                              : HHH000400: Using dialect: org.hibernate.dialect.H2Dialect
2023-04-26T03:56:20.632+05:30 DEBUG 32324 --- [restartedMain] org.hibernate.SQL                        : create table AccountType (id bigint generated by default as identity, accountType varchar(255), User_Id bigint, primary key (id))
2023-04-26T03:56:20.633+05:30 DEBUG 32324 --- [restartedMain] org.hibernate.SQL                        : create table UserAccount (id bigint generated by default as identity, password varchar(255), subscription_name varchar(255), username varchar(255), primary key (id))
2023-04-26T03:56:20.634+05:30 DEBUG 32324 --- [restartedMain] org.hibernate.SQL                        : alter table if exists AccountType add constraint FKludgbm9c839inwtoexem9picy foreign key (User_Id) references UserAccount
2023-04-26T03:56:20.635+05:30  INFO 32324 --- [restartedMain] o.h.e.t.j.p.i.JtaPlatformInitiator       : HHH000490: Using JtaPlatform implementation: [org.hibernate.engine.transaction.jta.platform.internal.NoJtaPlatform]
2023-04-26T03:56:20.635+05:30  INFO 32324 --- [restartedMain] j.LocalContainerEntityManagerFactoryBean : Initialized JPA EntityManagerFactory for persistence unit 'default'
2023-04-26T03:56:20.694+05:30  WARN 32324 --- [restartedMain] JpaBaseConfiguration$JpaWebConfiguration : spring.jpa.open-in-view is enabled by default. Therefore, database queries may be performed during view rendering. Explicitly configure spring.jpa.open-in-view to disable this warning
2023-04-26T03:56:20.758+05:30  WARN 32324 --- [restartedMain] .s.s.UserDetailsServiceAutoConfiguration : 

Using generated security password: 75927287-ac79-4d8f-b06f-cb2068ce95ee

This generated password is for development use only. Your security configuration must be updated before running your application in production.

2023-04-26T03:56:20.769+05:30  INFO 32324 --- [restartedMain] o.s.s.web.DefaultSecurityFilterChain     : Will secure any request with [org.springframework.security.web.session.DisableEncodeUrlFilter@5a6bda2e, org.springframework.security.web.context.request.async.WebAsyncManagerIntegrationFilter@4d69f428, org.springframework.security.web.context.SecurityContextHolderFilter@a412e30, org.springframework.security.web.header.HeaderWriterFilter@13d48cf6, org.springframework.security.web.csrf.CsrfFilter@7c2c267b, org.springframework.security.web.authentication.logout.LogoutFilter@333160bf, org.springframework.security.web.authentication.UsernamePasswordAuthenticationFilter@7d2e9409, org.springframework.security.web.authentication.ui.DefaultLoginPageGeneratingFilter@39bf6c9c, org.springframework.security.web.authentication.ui.DefaultLogoutPageGeneratingFilter@446eaf50, org.springframework.security.web.authentication.www.BasicAuthenticationFilter@4522278b, org.springframework.security.web.savedrequest.RequestCacheAwareFilter@1743defd, org.springframework.security.web.servletapi.SecurityContextHolderAwareRequestFilter@e3bf291, org.springframework.security.web.authentication.AnonymousAuthenticationFilter@10a4d629, org.springframework.security.web.access.ExceptionTranslationFilter@655f87db, org.springframework.security.web.access.intercept.AuthorizationFilter@2056e87b]
2023-04-26T03:56:20.775+05:30  INFO 32324 --- [restartedMain] o.s.b.d.a.OptionalLiveReloadServer       : LiveReload server is running on port 35729
2023-04-26T03:56:20.785+05:30  INFO 32324 --- [restartedMain] o.s.b.w.embedded.tomcat.TomcatWebServer  : Tomcat started on port(s): 8080 (http) with context path ''
2023-04-26T03:56:20.789+05:30  INFO 32324 --- [restartedMain] c.cts.NewAccountManagementApplication    : Started NewAccountManagementApplication in 0.477 seconds (process running for 718.45)
2023-04-26T03:56:20.790+05:30  INFO 32324 --- [restartedMain] .ConditionEvaluationDeltaLoggingListener : Condition evaluation unchanged
2023-04-26T03:57:20.912+05:30  INFO 32324 --- [File Watcher] rtingClassPathChangeChangedEventListener : Restarting due to 13 class path changes (0 additions, 11 deletions, 2 modifications)
2023-04-26T03:57:20.924+05:30  INFO 32324 --- [Thread-28] o.apache.catalina.core.StandardService   : Stopping service [Tomcat]
2023-04-26T03:57:20.928+05:30  INFO 32324 --- [Thread-28] j.LocalContainerEntityManagerFactoryBean : Closing JPA EntityManagerFactory for persistence unit 'default'
2023-04-26T03:57:21.128+05:30  WARN 32324 --- [Thread-28] o.s.b.f.support.DisposableBeanAdapter    : Invocation of destroy method failed on bean with name 'inMemoryDatabaseShutdownExecutor': org.h2.jdbc.JdbcSQLNonTransientConnectionException: Database is already closed (to disable automatic closing at VM shutdown, add ";DB_CLOSE_ON_EXIT=FALSE" to the db URL) [90121-214]
2023-04-26T03:57:21.128+05:30  INFO 32324 --- [Thread-28] com.zaxxer.hikari.HikariDataSource       : HikariPool-7 - Shutdown initiated...
2023-04-26T03:57:21.129+05:30  INFO 32324 --- [Thread-28] com.zaxxer.hikari.HikariDataSource       : HikariPool-7 - Shutdown completed.
2023-04-26T03:57:21.189+05:30  INFO 32324 --- [restartedMain] c.cts.NewAccountManagementApplication    : Starting NewAccountManagementApplication using Java 17.0.5 with PID 32324 (D:\Influentia\new-account-management\target\classes started by arnod in D:\Influentia\new-account-management)
2023-04-26T03:57:21.189+05:30  INFO 32324 --- [restartedMain] c.cts.NewAccountManagementApplication    : No active profile set, falling back to 1 default profile: "default"
2023-04-26T03:57:21.306+05:30  INFO 32324 --- [restartedMain] .s.d.r.c.RepositoryConfigurationDelegate : Bootstrapping Spring Data JPA repositories in DEFAULT mode.
2023-04-26T03:57:21.308+05:30  INFO 32324 --- [restartedMain] .s.d.r.c.RepositoryConfigurationDelegate : Finished Spring Data repository scanning in 0 ms. Found 0 JPA repository interfaces.
2023-04-26T03:57:21.421+05:30  INFO 32324 --- [restartedMain] o.s.b.w.embedded.tomcat.TomcatWebServer  : Tomcat initialized with port(s): 8080 (http)
2023-04-26T03:57:21.422+05:30  INFO 32324 --- [restartedMain] o.apache.catalina.core.StandardService   : Starting service [Tomcat]
2023-04-26T03:57:21.422+05:30  INFO 32324 --- [restartedMain] o.apache.catalina.core.StandardEngine    : Starting Servlet engine: [Apache Tomcat/10.1.7]
2023-04-26T03:57:21.593+05:30  INFO 32324 --- [restartedMain] o.a.c.c.C.[Tomcat].[localhost].[/]       : Initializing Spring embedded WebApplicationContext
2023-04-26T03:57:21.593+05:30  INFO 32324 --- [restartedMain] w.s.c.ServletWebServerApplicationContext : Root WebApplicationContext: initialization completed in 403 ms
2023-04-26T03:57:21.608+05:30  INFO 32324 --- [restartedMain] com.zaxxer.hikari.HikariDataSource       : HikariPool-8 - Starting...
2023-04-26T03:57:21.609+05:30  INFO 32324 --- [restartedMain] com.zaxxer.hikari.pool.HikariPool        : HikariPool-8 - Added connection conn70: url=jdbc:h2:mem:influentia user=SA
2023-04-26T03:57:21.609+05:30  INFO 32324 --- [restartedMain] com.zaxxer.hikari.HikariDataSource       : HikariPool-8 - Start completed.
2023-04-26T03:57:21.609+05:30  INFO 32324 --- [restartedMain] o.s.b.a.h2.H2ConsoleAutoConfiguration    : H2 console available at '/h2-console'. Database available at 'jdbc:h2:mem:influentia'
2023-04-26T03:57:21.636+05:30  INFO 32324 --- [restartedMain] o.hibernate.jpa.internal.util.LogHelper  : HHH000204: Processing PersistenceUnitInfo [name: default]
2023-04-26T03:57:21.640+05:30  INFO 32324 --- [restartedMain] SQL dialect                              : HHH000400: Using dialect: org.hibernate.dialect.H2Dialect
2023-04-26T03:57:21.645+05:30  INFO 32324 --- [restartedMain] o.h.e.t.j.p.i.JtaPlatformInitiator       : HHH000490: Using JtaPlatform implementation: [org.hibernate.engine.transaction.jta.platform.internal.NoJtaPlatform]
2023-04-26T03:57:21.646+05:30  INFO 32324 --- [restartedMain] j.LocalContainerEntityManagerFactoryBean : Initialized JPA EntityManagerFactory for persistence unit 'default'
2023-04-26T03:57:21.661+05:30  WARN 32324 --- [restartedMain] JpaBaseConfiguration$JpaWebConfiguration : spring.jpa.open-in-view is enabled by default. Therefore, database queries may be performed during view rendering. Explicitly configure spring.jpa.open-in-view to disable this warning
2023-04-26T03:57:21.752+05:30  WARN 32324 --- [restartedMain] .s.s.UserDetailsServiceAutoConfiguration : 

Using generated security password: 5216f5e0-5e5e-4ad6-9be1-0fb379f7060b

This generated password is for development use only. Your security configuration must be updated before running your application in production.

2023-04-26T03:57:21.765+05:30  INFO 32324 --- [restartedMain] o.s.s.web.DefaultSecurityFilterChain     : Will secure any request with [org.springframework.security.web.session.DisableEncodeUrlFilter@14d8b96, org.springframework.security.web.context.request.async.WebAsyncManagerIntegrationFilter@5c8c50d3, org.springframework.security.web.context.SecurityContextHolderFilter@3a9a6ae9, org.springframework.security.web.header.HeaderWriterFilter@67ad6416, org.springframework.security.web.csrf.CsrfFilter@bce7d5c, org.springframework.security.web.authentication.logout.LogoutFilter@576e9da5, org.springframework.security.web.authentication.UsernamePasswordAuthenticationFilter@9c377a2, org.springframework.security.web.authentication.ui.DefaultLoginPageGeneratingFilter@4a5b863d, org.springframework.security.web.authentication.ui.DefaultLogoutPageGeneratingFilter@4e605287, org.springframework.security.web.authentication.www.BasicAuthenticationFilter@2a63508a, org.springframework.security.web.savedrequest.RequestCacheAwareFilter@4246d47b, org.springframework.security.web.servletapi.SecurityContextHolderAwareRequestFilter@465ac734, org.springframework.security.web.authentication.AnonymousAuthenticationFilter@7e37bcc1, org.springframework.security.web.access.ExceptionTranslationFilter@180b314, org.springframework.security.web.access.intercept.AuthorizationFilter@51e19fab]
2023-04-26T03:57:21.770+05:30  INFO 32324 --- [restartedMain] o.s.b.d.a.OptionalLiveReloadServer       : LiveReload server is running on port 35729
2023-04-26T03:57:21.779+05:30  INFO 32324 --- [restartedMain] o.s.b.w.embedded.tomcat.TomcatWebServer  : Tomcat started on port(s): 8080 (http) with context path ''
2023-04-26T03:57:21.782+05:30  INFO 32324 --- [restartedMain] c.cts.NewAccountManagementApplication    : Started NewAccountManagementApplication in 0.611 seconds (process running for 779.444)
2023-04-26T03:57:21.783+05:30  INFO 32324 --- [restartedMain] .ConditionEvaluationDeltaLoggingListener : Condition evaluation unchanged
2023-04-26T03:57:27.662+05:30  INFO 32324 --- [File Watcher] rtingClassPathChangeChangedEventListener : Restarting due to 11 class path changes (11 additions, 0 deletions, 0 modifications)
2023-04-26T03:57:27.688+05:30  INFO 32324 --- [Thread-32] o.apache.catalina.core.StandardService   : Stopping service [Tomcat]
2023-04-26T03:57:27.695+05:30  INFO 32324 --- [Thread-32] j.LocalContainerEntityManagerFactoryBean : Closing JPA EntityManagerFactory for persistence unit 'default'
2023-04-26T03:57:27.906+05:30  WARN 32324 --- [Thread-32] o.s.b.f.support.DisposableBeanAdapter    : Invocation of destroy method failed on bean with name 'inMemoryDatabaseShutdownExecutor': org.h2.jdbc.JdbcSQLNonTransientConnectionException: Database is already closed (to disable automatic closing at VM shutdown, add ";DB_CLOSE_ON_EXIT=FALSE" to the db URL) [90121-214]
2023-04-26T03:57:27.906+05:30  INFO 32324 --- [Thread-32] com.zaxxer.hikari.HikariDataSource       : HikariPool-8 - Shutdown initiated...
2023-04-26T03:57:27.907+05:30  INFO 32324 --- [Thread-32] com.zaxxer.hikari.HikariDataSource       : HikariPool-8 - Shutdown completed.
2023-04-26T03:57:28.032+05:30  INFO 32324 --- [restartedMain] c.cts.NewAccountManagementApplication    : Starting NewAccountManagementApplication using Java 17.0.5 with PID 32324 (D:\Influentia\new-account-management\target\classes started by arnod in D:\Influentia\new-account-management)
2023-04-26T03:57:28.033+05:30  INFO 32324 --- [restartedMain] c.cts.NewAccountManagementApplication    : No active profile set, falling back to 1 default profile: "default"
2023-04-26T03:57:28.529+05:30  INFO 32324 --- [restartedMain] .s.d.r.c.RepositoryConfigurationDelegate : Bootstrapping Spring Data JPA repositories in DEFAULT mode.
2023-04-26T03:57:28.546+05:30  INFO 32324 --- [restartedMain] .s.d.r.c.RepositoryConfigurationDelegate : Finished Spring Data repository scanning in 16 ms. Found 2 JPA repository interfaces.
2023-04-26T03:57:28.753+05:30  INFO 32324 --- [restartedMain] o.s.b.w.embedded.tomcat.TomcatWebServer  : Tomcat initialized with port(s): 8080 (http)
2023-04-26T03:57:28.754+05:30  INFO 32324 --- [restartedMain] o.apache.catalina.core.StandardService   : Starting service [Tomcat]
2023-04-26T03:57:28.755+05:30  INFO 32324 --- [restartedMain] o.apache.catalina.core.StandardEngine    : Starting Servlet engine: [Apache Tomcat/10.1.7]
2023-04-26T03:57:28.783+05:30  INFO 32324 --- [restartedMain] o.a.c.c.C.[Tomcat].[localhost].[/]       : Initializing Spring embedded WebApplicationContext
2023-04-26T03:57:28.783+05:30  INFO 32324 --- [restartedMain] w.s.c.ServletWebServerApplicationContext : Root WebApplicationContext: initialization completed in 745 ms
2023-04-26T03:57:28.810+05:30  INFO 32324 --- [restartedMain] com.zaxxer.hikari.HikariDataSource       : HikariPool-9 - Starting...
2023-04-26T03:57:28.812+05:30  INFO 32324 --- [restartedMain] com.zaxxer.hikari.pool.HikariPool        : HikariPool-9 - Added connection conn80: url=jdbc:h2:mem:influentia user=SA
2023-04-26T03:57:28.812+05:30  INFO 32324 --- [restartedMain] com.zaxxer.hikari.HikariDataSource       : HikariPool-9 - Start completed.
2023-04-26T03:57:28.812+05:30  INFO 32324 --- [restartedMain] o.s.b.a.h2.H2ConsoleAutoConfiguration    : H2 console available at '/h2-console'. Database available at 'jdbc:h2:mem:influentia'
2023-04-26T03:57:28.862+05:30  INFO 32324 --- [restartedMain] o.hibernate.jpa.internal.util.LogHelper  : HHH000204: Processing PersistenceUnitInfo [name: default]
2023-04-26T03:57:28.867+05:30  INFO 32324 --- [restartedMain] SQL dialect                              : HHH000400: Using dialect: org.hibernate.dialect.H2Dialect
2023-04-26T03:57:28.953+05:30 DEBUG 32324 --- [restartedMain] org.hibernate.SQL                        : create table AccountType (id bigint generated by default as identity, accountType varchar(255), User_Id bigint, primary key (id))
2023-04-26T03:57:28.955+05:30 DEBUG 32324 --- [restartedMain] org.hibernate.SQL                        : create table UserAccount (id bigint generated by default as identity, password varchar(255), subscription_name varchar(255), username varchar(255), primary key (id))
2023-04-26T03:57:28.957+05:30 DEBUG 32324 --- [restartedMain] org.hibernate.SQL                        : alter table if exists AccountType add constraint FKludgbm9c839inwtoexem9picy foreign key (User_Id) references UserAccount
2023-04-26T03:57:28.959+05:30  INFO 32324 --- [restartedMain] o.h.e.t.j.p.i.JtaPlatformInitiator       : HHH000490: Using JtaPlatform implementation: [org.hibernate.engine.transaction.jta.platform.internal.NoJtaPlatform]
2023-04-26T03:57:28.960+05:30  INFO 32324 --- [restartedMain] j.LocalContainerEntityManagerFactoryBean : Initialized JPA EntityManagerFactory for persistence unit 'default'
2023-04-26T03:57:29.088+05:30  WARN 32324 --- [restartedMain] JpaBaseConfiguration$JpaWebConfiguration : spring.jpa.open-in-view is enabled by default. Therefore, database queries may be performed during view rendering. Explicitly configure spring.jpa.open-in-view to disable this warning
2023-04-26T03:57:29.161+05:30  WARN 32324 --- [restartedMain] .s.s.UserDetailsServiceAutoConfiguration : 

Using generated security password: 3b619cb7-960d-4e16-9ac3-7779c2d09cd1

This generated password is for development use only. Your security configuration must be updated before running your application in production.

2023-04-26T03:57:29.194+05:30  INFO 32324 --- [restartedMain] o.s.s.web.DefaultSecurityFilterChain     : Will secure any request with [org.springframework.security.web.session.DisableEncodeUrlFilter@1e207d78, org.springframework.security.web.context.request.async.WebAsyncManagerIntegrationFilter@4cc0e4cf, org.springframework.security.web.context.SecurityContextHolderFilter@70ed7807, org.springframework.security.web.header.HeaderWriterFilter@78bff621, org.springframework.security.web.csrf.CsrfFilter@3f06a9b7, org.springframework.security.web.authentication.logout.LogoutFilter@394de959, org.springframework.security.web.authentication.UsernamePasswordAuthenticationFilter@28310aaf, org.springframework.security.web.authentication.ui.DefaultLoginPageGeneratingFilter@39290208, org.springframework.security.web.authentication.ui.DefaultLogoutPageGeneratingFilter@6c84eb8a, org.springframework.security.web.authentication.www.BasicAuthenticationFilter@7ee039d1, org.springframework.security.web.savedrequest.RequestCacheAwareFilter@7aac3cbc, org.springframework.security.web.servletapi.SecurityContextHolderAwareRequestFilter@3ea0f503, org.springframework.security.web.authentication.AnonymousAuthenticationFilter@13d5697a, org.springframework.security.web.access.ExceptionTranslationFilter@393fbef4, org.springframework.security.web.access.intercept.AuthorizationFilter@71b470db]
2023-04-26T03:57:29.208+05:30  INFO 32324 --- [restartedMain] o.s.b.d.a.OptionalLiveReloadServer       : LiveReload server is running on port 35729
2023-04-26T03:57:29.247+05:30  INFO 32324 --- [restartedMain] o.s.b.w.embedded.tomcat.TomcatWebServer  : Tomcat started on port(s): 8080 (http) with context path ''
2023-04-26T03:57:29.255+05:30  INFO 32324 --- [restartedMain] c.cts.NewAccountManagementApplication    : Started NewAccountManagementApplication in 1.261 seconds (process running for 786.917)
2023-04-26T03:57:29.258+05:30  INFO 32324 --- [restartedMain] .ConditionEvaluationDeltaLoggingListener : Condition evaluation unchanged
2023-04-26T03:57:50.549+05:30  INFO 31088 --- [main] c.c.NewAccountManagementApplicationTests : Starting NewAccountManagementApplicationTests using Java 17.0.5 with PID 31088 (started by arnod in D:\Influentia\new-account-management)
2023-04-26T03:57:50.551+05:30  INFO 31088 --- [main] c.c.NewAccountManagementApplicationTests : No active profile set, falling back to 1 default profile: "default"
2023-04-26T03:57:59.304+05:30  INFO 31088 --- [main] .s.d.r.c.RepositoryConfigurationDelegate : Bootstrapping Spring Data JPA repositories in DEFAULT mode.
2023-04-26T03:57:59.865+05:30  INFO 31088 --- [main] .s.d.r.c.RepositoryConfigurationDelegate : Finished Spring Data repository scanning in 551 ms. Found 2 JPA repository interfaces.
2023-04-26T03:58:07.799+05:30  INFO 31088 --- [main] o.hibernate.jpa.internal.util.LogHelper  : HHH000204: Processing PersistenceUnitInfo [name: default]
2023-04-26T03:58:10.705+05:30  INFO 31088 --- [main] org.hibernate.Version                    : HHH000412: Hibernate ORM core version 6.1.7.Final
2023-04-26T03:58:19.224+05:30  INFO 31088 --- [main] com.zaxxer.hikari.HikariDataSource       : HikariPool-1 - Starting...
2023-04-26T03:58:20.939+05:30  INFO 31088 --- [main] com.zaxxer.hikari.pool.HikariPool        : HikariPool-1 - Added connection conn0: url=jdbc:h2:mem:influentia user=SA
2023-04-26T03:58:20.942+05:30  INFO 31088 --- [main] com.zaxxer.hikari.HikariDataSource       : HikariPool-1 - Start completed.
2023-04-26T03:58:21.320+05:30  INFO 31088 --- [main] SQL dialect                              : HHH000400: Using dialect: org.hibernate.dialect.H2Dialect
2023-04-26T03:58:26.780+05:30 DEBUG 31088 --- [main] org.hibernate.SQL                        : create table AccountType (id bigint generated by default as identity, accountType varchar(255), User_Id bigint, primary key (id))
2023-04-26T03:58:26.818+05:30 DEBUG 31088 --- [main] org.hibernate.SQL                        : create table UserAccount (id bigint generated by default as identity, password varchar(255), subscription_name varchar(255), username varchar(255), primary key (id))
2023-04-26T03:58:26.820+05:30 DEBUG 31088 --- [main] org.hibernate.SQL                        : alter table if exists AccountType add constraint FKludgbm9c839inwtoexem9picy foreign key (User_Id) references UserAccount
2023-04-26T03:58:26.828+05:30  INFO 31088 --- [main] o.h.e.t.j.p.i.JtaPlatformInitiator       : HHH000490: Using JtaPlatform implementation: [org.hibernate.engine.transaction.jta.platform.internal.NoJtaPlatform]
2023-04-26T03:58:26.900+05:30  INFO 31088 --- [main] j.LocalContainerEntityManagerFactoryBean : Initialized JPA EntityManagerFactory for persistence unit 'default'
2023-04-26T03:58:29.362+05:30  WARN 31088 --- [main] JpaBaseConfiguration$JpaWebConfiguration : spring.jpa.open-in-view is enabled by default. Therefore, database queries may be performed during view rendering. Explicitly configure spring.jpa.open-in-view to disable this warning
2023-04-26T03:58:30.045+05:30  INFO 31088 --- [main] c.c.NewAccountManagementApplicationTests : Started NewAccountManagementApplicationTests in 40.9 seconds (process running for 50.162)
2023-04-26T03:58:32.266+05:30  INFO 31088 --- [main] com.cts.Services.UserService             : Using logging
2023-04-26T03:58:32.269+05:30  INFO 31088 --- [main] com.cts.Services.UserService             : Using logging
2023-04-26T03:58:33.212+05:30  INFO 31088 --- [SpringApplicationShutdownHook] j.LocalContainerEntityManagerFactoryBean : Closing JPA EntityManagerFactory for persistence unit 'default'
2023-04-26T03:58:33.216+05:30  INFO 31088 --- [SpringApplicationShutdownHook] com.zaxxer.hikari.HikariDataSource       : HikariPool-1 - Shutdown initiated...
2023-04-26T03:58:33.221+05:30  INFO 31088 --- [SpringApplicationShutdownHook] com.zaxxer.hikari.HikariDataSource       : HikariPool-1 - Shutdown completed.
2023-04-26T03:59:35.056+05:30  INFO 32324 --- [File Watcher] rtingClassPathChangeChangedEventListener : Restarting due to 18 class path changes (0 additions, 18 deletions, 0 modifications)
2023-04-26T03:59:35.069+05:30  INFO 32324 --- [Thread-36] o.apache.catalina.core.StandardService   : Stopping service [Tomcat]
2023-04-26T03:59:35.072+05:30  INFO 32324 --- [Thread-36] j.LocalContainerEntityManagerFactoryBean : Closing JPA EntityManagerFactory for persistence unit 'default'
2023-04-26T03:59:35.287+05:30  WARN 32324 --- [Thread-36] o.s.b.f.support.DisposableBeanAdapter    : Invocation of destroy method failed on bean with name 'inMemoryDatabaseShutdownExecutor': org.h2.jdbc.JdbcSQLNonTransientConnectionException: Database is already closed (to disable automatic closing at VM shutdown, add ";DB_CLOSE_ON_EXIT=FALSE" to the db URL) [90121-214]
2023-04-26T03:59:35.287+05:30  INFO 32324 --- [Thread-36] com.zaxxer.hikari.HikariDataSource       : HikariPool-9 - Shutdown initiated...
2023-04-26T03:59:35.288+05:30  INFO 32324 --- [Thread-36] com.zaxxer.hikari.HikariDataSource       : HikariPool-9 - Shutdown completed.
2023-04-26T04:07:47.104+05:30  INFO 12276 --- [main] c.c.NewAccountManagementApplicationTests : Starting NewAccountManagementApplicationTests using Java 17.0.5 with PID 12276 (started by arnod in D:\Influentia\new-account-management)
2023-04-26T04:07:47.107+05:30  INFO 12276 --- [main] c.c.NewAccountManagementApplicationTests : No active profile set, falling back to 1 default profile: "default"
2023-04-26T04:07:47.852+05:30  INFO 12276 --- [main] .s.d.r.c.RepositoryConfigurationDelegate : Bootstrapping Spring Data JPA repositories in DEFAULT mode.
2023-04-26T04:07:47.927+05:30  INFO 12276 --- [main] .s.d.r.c.RepositoryConfigurationDelegate : Finished Spring Data repository scanning in 64 ms. Found 2 JPA repository interfaces.
2023-04-26T04:07:48.445+05:30  INFO 12276 --- [main] o.hibernate.jpa.internal.util.LogHelper  : HHH000204: Processing PersistenceUnitInfo [name: default]
2023-04-26T04:07:48.524+05:30  INFO 12276 --- [main] org.hibernate.Version                    : HHH000412: Hibernate ORM core version 6.1.7.Final
2023-04-26T04:07:48.985+05:30  INFO 12276 --- [main] com.zaxxer.hikari.HikariDataSource       : HikariPool-1 - Starting...
2023-04-26T04:07:49.260+05:30  INFO 12276 --- [main] com.zaxxer.hikari.pool.HikariPool        : HikariPool-1 - Added connection conn0: url=jdbc:h2:mem:influentia user=SA
2023-04-26T04:07:49.262+05:30  INFO 12276 --- [main] com.zaxxer.hikari.HikariDataSource       : HikariPool-1 - Start completed.
2023-04-26T04:07:49.293+05:30  INFO 12276 --- [main] SQL dialect                              : HHH000400: Using dialect: org.hibernate.dialect.H2Dialect
2023-04-26T04:07:50.322+05:30 DEBUG 12276 --- [main] org.hibernate.SQL                        : create table AccountType (id bigint generated by default as identity, accountType varchar(255), User_Id bigint, primary key (id))
2023-04-26T04:07:50.329+05:30 DEBUG 12276 --- [main] org.hibernate.SQL                        : create table UserAccount (id bigint generated by default as identity, password varchar(255), subscription_name varchar(255), username varchar(255), primary key (id))
2023-04-26T04:07:50.333+05:30 DEBUG 12276 --- [main] org.hibernate.SQL                        : alter table if exists AccountType add constraint FKludgbm9c839inwtoexem9picy foreign key (User_Id) references UserAccount
2023-04-26T04:07:50.338+05:30  INFO 12276 --- [main] o.h.e.t.j.p.i.JtaPlatformInitiator       : HHH000490: Using JtaPlatform implementation: [org.hibernate.engine.transaction.jta.platform.internal.NoJtaPlatform]
2023-04-26T04:07:50.347+05:30  INFO 12276 --- [main] j.LocalContainerEntityManagerFactoryBean : Initialized JPA EntityManagerFactory for persistence unit 'default'
2023-04-26T04:07:50.981+05:30  WARN 12276 --- [main] JpaBaseConfiguration$JpaWebConfiguration : spring.jpa.open-in-view is enabled by default. Therefore, database queries may be performed during view rendering. Explicitly configure spring.jpa.open-in-view to disable this warning
2023-04-26T04:07:51.388+05:30  INFO 12276 --- [main] c.c.NewAccountManagementApplicationTests : Started NewAccountManagementApplicationTests in 4.681 seconds (process running for 5.83)
2023-04-26T04:07:51.860+05:30  INFO 12276 --- [main] com.cts.Services.UserService             : Using logging
2023-04-26T04:07:51.865+05:30  INFO 12276 --- [main] com.cts.Services.UserService             : Using logging
2023-04-26T04:07:51.900+05:30  INFO 12276 --- [SpringApplicationShutdownHook] j.LocalContainerEntityManagerFactoryBean : Closing JPA EntityManagerFactory for persistence unit 'default'
2023-04-26T04:07:51.904+05:30  INFO 12276 --- [SpringApplicationShutdownHook] com.zaxxer.hikari.HikariDataSource       : HikariPool-1 - Shutdown initiated...
2023-04-26T04:07:51.913+05:30  INFO 12276 --- [SpringApplicationShutdownHook] com.zaxxer.hikari.HikariDataSource       : HikariPool-1 - Shutdown completed.
